<html>
<head>
<title>TestNG:  Default test</title>
<link href="../testng.css" rel="stylesheet" type="text/css" />
<link href="../my-testng.css" rel="stylesheet" type="text/css" />

<style type="text/css">
.log { display: none;} 
.stack-trace { display: none;} 
</style>
<script type="text/javascript">
<!--
function flip(e) {
  current = e.style.display;
  if (current == 'block') {
    e.style.display = 'none';
    return 0;
  }
  else {
    e.style.display = 'block';
    return 1;
  }
}

function toggleBox(szDivId, elem, msg1, msg2)
{
  var res = -1;  if (document.getElementById) {
    res = flip(document.getElementById(szDivId));
  }
  else if (document.all) {
    // this is the way old msie versions work
    res = flip(document.all[szDivId]);
  }
  if(elem) {
    if(res == 0) elem.innerHTML = msg1; else elem.innerHTML = msg2;
  }

}

function toggleAllBoxes() {
  if (document.getElementsByTagName) {
    d = document.getElementsByTagName('div');
    for (i = 0; i < d.length; i++) {
      if (d[i].className == 'log') {
        flip(d[i]);
      }
    }
  }
}

// -->
</script>

</head>
<body>
<h2 align='center'>Default test</h2><table border='1' align="center">
<tr>
<td>Tests passed/Failed/Skipped:</td><td>0/0/2</td>
</tr><tr>
<td>Started on:</td><td>Wed Dec 18 18:30:12 IST 2024</td>
</tr>
<tr><td>Total time:</td><td>47 seconds (47118 ms)</td>
</tr><tr>
<td>Included groups:</td><td></td>
</tr><tr>
<td>Excluded groups:</td><td></td>
</tr>
</table><p/>
<small><i>(Hover the method name to see the test class name)</i></small><p/>
<table width='100%' border='1' class='invocation-failed'>
<tr><td colspan='4' align='center'><b>FAILED CONFIGURATIONS</b></td></tr>
<tr><td><b>Test method</b></td>
<td width="30%"><b>Exception</b></td>
<td width="10%"><b>Time (seconds)</b></td>
<td><b>Instance</b></td>
</tr>
<tr>
<td title='TestClasses.Test_NewCars.lauctTheBrowser()'><b>lauctTheBrowser</b><br>Test class: TestClasses.Test_NewCars</td>
<td><div><pre>com.microsoft.playwright.PlaywrightException: Error {
  message=&apos;Navigation failed because page was closed!
=========================== logs ===========================
navigating to &quot;https://www.carwale.com/&quot;, waiting until &quot;load&quot;
============================================================
  name=&apos;Error
  stack=&apos;Error: Navigation failed because page was closed!
=========================== logs ===========================
navigating to &quot;https://www.carwale.com/&quot;, waiting until &quot;load&quot;
============================================================
    at C:\Users\UMESHP~1\AppData\Local\Temp\playwright-java-13599755043734040780\package\lib\server\frames.js:673:13
    at async ProgressController.run (C:\Users\UMESHP~1\AppData\Local\Temp\playwright-java-13599755043734040780\package\lib\server\progress.js:101:22)
    at async FrameDispatcher.goto (C:\Users\UMESHP~1\AppData\Local\Temp\playwright-java-13599755043734040780\package\lib\server\dispatchers\frameDispatcher.js:87:59)
    at async DispatcherConnection.dispatch (C:\Users\UMESHP~1\AppData\Local\Temp\playwright-java-13599755043734040780\package\lib\server\dispatchers\dispatcher.js:397:22)
}
	at com.microsoft.playwright.impl.WaitableResult.get(WaitableResult.java:54)
	at com.microsoft.playwright.impl.ChannelOwner.runUntil(ChannelOwner.java:109)
	at com.microsoft.playwright.impl.Connection.sendMessage(Connection.java:108)
	at com.microsoft.playwright.impl.ChannelOwner.sendMessage(ChannelOwner.java:100)
	at com.microsoft.playwright.impl.FrameImpl.navigateImpl(FrameImpl.java:401)
	at com.microsoft.playwright.impl.PageImpl.lambda$navigate$32(PageImpl.java:800)
	at com.microsoft.playwright.impl.LoggingSupport.withLogging(LoggingSupport.java:47)
	at com.microsoft.playwright.impl.ChannelOwner.withLogging(ChannelOwner.java:85)
	at com.microsoft.playwright.impl.PageImpl.navigate(PageImpl.java:800)
	at com.microsoft.playwright.impl.PageImpl.navigate(PageImpl.java:41)
	at com.microsoft.playwright.Page.navigate(Page.java:4309)
	at BaseTest.Base.launchTheBrowser(Base.java:18)
	at TestClasses.Test_NewCars.lauctTheBrowser(Test_NewCars.java:24)
	at java.base/jdk.internal.reflect.NativeMethodAccessorImpl.invoke0(Native Method)
	at java.base/jdk.internal.reflect.NativeMethodAccessorImpl.invoke(NativeMethodAccessorImpl.java:77)
	at java.base/jdk.internal.reflect.DelegatingMethodAccessorImpl.invoke(DelegatingMethodAccessorImpl.java:43)
	at java.base/java.lang.reflect.Method.invoke(Method.java:568)
	at org.testng.internal.MethodInvocationHelper.invokeMethod(MethodInvocationHelper.java:124)
	at org.testng.internal.MethodInvocationHelper.invokeMethodConsideringTimeout(MethodInvocationHelper.java:59)
	at org.testng.internal.Invoker.invokeConfigurationMethod(Invoker.java:458)
	at org.testng.internal.Invoker.invokeConfigurations(Invoker.java:222)
	at org.testng.internal.Invoker.invokeMethod(Invoker.java:523)
	at org.testng.internal.Invoker.invokeTestMethod(Invoker.java:719)
	at org.testng.internal.Invoker.invokeTestMethods(Invoker.java:989)
	at org.testng.internal.TestMethodWorker.invokeTestMethods(TestMethodWorker.java:125)
	at org.testng.internal.TestMethodWorker.run(TestMethodWorker.java:109)
	at org.testng.TestRunner.privateRun(TestRunner.java:648)
	at org.testng.TestRunner.run(TestRunner.java:505)
	at org.testng.SuiteRunner.runTest(SuiteRunner.java:455)
	at org.testng.SuiteRunner.runSequentially(SuiteRunner.java:450)
	at org.testng.SuiteRunner.privateRun(SuiteRunner.java:415)
	at org.testng.SuiteRunner.run(SuiteRunner.java:364)
	at org.testng.SuiteRunnerWorker.runSuite(SuiteRunnerWorker.java:52)
	at org.testng.SuiteRunnerWorker.run(SuiteRunnerWorker.java:84)
	at org.testng.TestNG.runSuitesSequentially(TestNG.java:1208)
	at org.testng.TestNG.runSuitesLocally(TestNG.java:1137)
	at org.testng.TestNG.runSuites(TestNG.java:1049)
	at org.testng.TestNG.run(TestNG.java:1017)
	at org.testng.remote.AbstractRemoteTestNG.run(AbstractRemoteTestNG.java:115)
	at org.testng.remote.RemoteTestNG.initAndRun(RemoteTestNG.java:251)
	at org.testng.remote.RemoteTestNG.main(RemoteTestNG.java:77)
Caused by: com.microsoft.playwright.impl.DriverException: Error {
  message=&apos;Navigation failed because page was closed!
=========================== logs ===========================
navigating to &quot;https://www.carwale.com/&quot;, waiting until &quot;load&quot;
============================================================
  name=&apos;Error
  stack=&apos;Error: Navigation failed because page was closed!
=========================== logs ===========================
navigating to &quot;https://www.carwale.com/&quot;, waiting until &quot;load&quot;
============================================================
    at C:\Users\UMESHP~1\AppData\Local\Temp\playwright-java-13599755043734040780\package\lib\server\frames.js:673:13
    at async ProgressController.run (C:\Users\UMESHP~1\AppData\Local\Temp\playwright-java-13599755043734040780\package\lib\server\progress.js:101:22)
    at async FrameDispatcher.goto (C:\Users\UMESHP~1\AppData\Local\Temp\playwright-java-13599755043734040780\package\lib\server\dispatchers\frameDispatcher.js:87:59)
    at async DispatcherConnection.dispatch (C:\Users\UMESHP~1\AppData\Local\Temp\playwright-java-13599755043734040780\package\lib\server\dispatchers\dispatcher.js:397:22)
}
	at com.microsoft.playwright.impl.Connection.dispatch(Connection.java:190)
	at com.microsoft.playwright.impl.Connection.processOneMessage(Connection.java:170)
	at com.microsoft.playwright.impl.ChannelOwner.runUntil(ChannelOwner.java:107)
	... 39 more
</pre></div><a href='#' onClick='toggleBox("stack-trace948115224", this, "Click to show all stack frames", "Click to hide stack frames")'>Click to show all stack frames</a>
<div class='stack-trace' id='stack-trace948115224'><pre>com.microsoft.playwright.PlaywrightException: Error {
  message=&apos;Navigation failed because page was closed!
=========================== logs ===========================
navigating to &quot;https://www.carwale.com/&quot;, waiting until &quot;load&quot;
============================================================
  name=&apos;Error
  stack=&apos;Error: Navigation failed because page was closed!
=========================== logs ===========================
navigating to &quot;https://www.carwale.com/&quot;, waiting until &quot;load&quot;
============================================================
    at C:\Users\UMESHP~1\AppData\Local\Temp\playwright-java-13599755043734040780\package\lib\server\frames.js:673:13
    at async ProgressController.run (C:\Users\UMESHP~1\AppData\Local\Temp\playwright-java-13599755043734040780\package\lib\server\progress.js:101:22)
    at async FrameDispatcher.goto (C:\Users\UMESHP~1\AppData\Local\Temp\playwright-java-13599755043734040780\package\lib\server\dispatchers\frameDispatcher.js:87:59)
    at async DispatcherConnection.dispatch (C:\Users\UMESHP~1\AppData\Local\Temp\playwright-java-13599755043734040780\package\lib\server\dispatchers\dispatcher.js:397:22)
}
	at com.microsoft.playwright.impl.WaitableResult.get(WaitableResult.java:54)
	at com.microsoft.playwright.impl.ChannelOwner.runUntil(ChannelOwner.java:109)
	at com.microsoft.playwright.impl.Connection.sendMessage(Connection.java:108)
	at com.microsoft.playwright.impl.ChannelOwner.sendMessage(ChannelOwner.java:100)
	at com.microsoft.playwright.impl.FrameImpl.navigateImpl(FrameImpl.java:401)
	at com.microsoft.playwright.impl.PageImpl.lambda$navigate$32(PageImpl.java:800)
	at com.microsoft.playwright.impl.LoggingSupport.withLogging(LoggingSupport.java:47)
	at com.microsoft.playwright.impl.ChannelOwner.withLogging(ChannelOwner.java:85)
	at com.microsoft.playwright.impl.PageImpl.navigate(PageImpl.java:800)
	at com.microsoft.playwright.impl.PageImpl.navigate(PageImpl.java:41)
	at com.microsoft.playwright.Page.navigate(Page.java:4309)
	at BaseTest.Base.launchTheBrowser(Base.java:18)
	at TestClasses.Test_NewCars.lauctTheBrowser(Test_NewCars.java:24)
	at java.base/jdk.internal.reflect.NativeMethodAccessorImpl.invoke0(Native Method)
	at java.base/jdk.internal.reflect.NativeMethodAccessorImpl.invoke(NativeMethodAccessorImpl.java:77)
	at java.base/jdk.internal.reflect.DelegatingMethodAccessorImpl.invoke(DelegatingMethodAccessorImpl.java:43)
	at java.base/java.lang.reflect.Method.invoke(Method.java:568)
	at org.testng.internal.MethodInvocationHelper.invokeMethod(MethodInvocationHelper.java:124)
	at org.testng.internal.MethodInvocationHelper.invokeMethodConsideringTimeout(MethodInvocationHelper.java:59)
	at org.testng.internal.Invoker.invokeConfigurationMethod(Invoker.java:458)
	at org.testng.internal.Invoker.invokeConfigurations(Invoker.java:222)
	at org.testng.internal.Invoker.invokeMethod(Invoker.java:523)
	at org.testng.internal.Invoker.invokeTestMethod(Invoker.java:719)
	at org.testng.internal.Invoker.invokeTestMethods(Invoker.java:989)
	at org.testng.internal.TestMethodWorker.invokeTestMethods(TestMethodWorker.java:125)
	at org.testng.internal.TestMethodWorker.run(TestMethodWorker.java:109)
	at org.testng.TestRunner.privateRun(TestRunner.java:648)
	at org.testng.TestRunner.run(TestRunner.java:505)
	at org.testng.SuiteRunner.runTest(SuiteRunner.java:455)
	at org.testng.SuiteRunner.runSequentially(SuiteRunner.java:450)
	at org.testng.SuiteRunner.privateRun(SuiteRunner.java:415)
	at org.testng.SuiteRunner.run(SuiteRunner.java:364)
	at org.testng.SuiteRunnerWorker.runSuite(SuiteRunnerWorker.java:52)
	at org.testng.SuiteRunnerWorker.run(SuiteRunnerWorker.java:84)
	at org.testng.TestNG.runSuitesSequentially(TestNG.java:1208)
	at org.testng.TestNG.runSuitesLocally(TestNG.java:1137)
	at org.testng.TestNG.runSuites(TestNG.java:1049)
	at org.testng.TestNG.run(TestNG.java:1017)
	at org.testng.remote.AbstractRemoteTestNG.run(AbstractRemoteTestNG.java:115)
	at org.testng.remote.RemoteTestNG.initAndRun(RemoteTestNG.java:251)
	at org.testng.remote.RemoteTestNG.main(RemoteTestNG.java:77)
Caused by: com.microsoft.playwright.impl.DriverException: Error {
  message=&apos;Navigation failed because page was closed!
=========================== logs ===========================
navigating to &quot;https://www.carwale.com/&quot;, waiting until &quot;load&quot;
============================================================
  name=&apos;Error
  stack=&apos;Error: Navigation failed because page was closed!
=========================== logs ===========================
navigating to &quot;https://www.carwale.com/&quot;, waiting until &quot;load&quot;
============================================================
    at C:\Users\UMESHP~1\AppData\Local\Temp\playwright-java-13599755043734040780\package\lib\server\frames.js:673:13
    at async ProgressController.run (C:\Users\UMESHP~1\AppData\Local\Temp\playwright-java-13599755043734040780\package\lib\server\progress.js:101:22)
    at async FrameDispatcher.goto (C:\Users\UMESHP~1\AppData\Local\Temp\playwright-java-13599755043734040780\package\lib\server\dispatchers\frameDispatcher.js:87:59)
    at async DispatcherConnection.dispatch (C:\Users\UMESHP~1\AppData\Local\Temp\playwright-java-13599755043734040780\package\lib\server\dispatchers\dispatcher.js:397:22)
}
	at com.microsoft.playwright.impl.Connection.dispatch(Connection.java:190)
	at com.microsoft.playwright.impl.Connection.processOneMessage(Connection.java:170)
	at com.microsoft.playwright.impl.ChannelOwner.runUntil(ChannelOwner.java:107)
	... 39 more
</pre></div></td>
<td>37</td>
<td>TestClasses.Test_NewCars@69e153c5</td></tr>
<tr>
<td title='TestClasses.Test_CarsHome.goToCarsHomePage()'><b>goToCarsHomePage</b><br>Test class: TestClasses.Test_CarsHome</td>
<td><div><pre>com.microsoft.playwright.PlaywrightException: Error {
  message=&apos;net::ERR_ABORTED; maybe frame was detached?
=========================== logs ===========================
navigating to &quot;https://www.carwale.com/&quot;, waiting until &quot;load&quot;
============================================================
  name=&apos;Error
  stack=&apos;Error: net::ERR_ABORTED; maybe frame was detached?
=========================== logs ===========================
navigating to &quot;https://www.carwale.com/&quot;, waiting until &quot;load&quot;
============================================================
    at FrameManager.frameAbortedNavigation (C:\Users\UMESHP~1\AppData\Local\Temp\playwright-java-13599755043734040780\package\lib\server\frames.js:273:14)
    at FrameManager.requestFailed (C:\Users\UMESHP~1\AppData\Local\Temp\playwright-java-13599755043734040780\package\lib\server\frames.js:369:12)
    at CRNetworkManager._onLoadingFailed (C:\Users\UMESHP~1\AppData\Local\Temp\playwright-java-13599755043734040780\package\lib\server\chromium\crNetworkManager.js:527:134)
    at CRSession.emit (node:events:527:28)
    at C:\Users\UMESHP~1\AppData\Local\Temp\playwright-java-13599755043734040780\package\lib\server\chromium\crConnection.js:232:14
}
	at com.microsoft.playwright.impl.WaitableResult.get(WaitableResult.java:54)
	at com.microsoft.playwright.impl.ChannelOwner.runUntil(ChannelOwner.java:109)
	at com.microsoft.playwright.impl.Connection.sendMessage(Connection.java:108)
	at com.microsoft.playwright.impl.ChannelOwner.sendMessage(ChannelOwner.java:100)
	at com.microsoft.playwright.impl.FrameImpl.navigateImpl(FrameImpl.java:401)
	at com.microsoft.playwright.impl.PageImpl.lambda$navigate$32(PageImpl.java:800)
	at com.microsoft.playwright.impl.LoggingSupport.withLogging(LoggingSupport.java:47)
	at com.microsoft.playwright.impl.ChannelOwner.withLogging(ChannelOwner.java:85)
	at com.microsoft.playwright.impl.PageImpl.navigate(PageImpl.java:800)
	at com.microsoft.playwright.impl.PageImpl.navigate(PageImpl.java:41)
	at com.microsoft.playwright.Page.navigate(Page.java:4309)
	at BaseTest.Base.launchTheBrowser(Base.java:18)
	at TestClasses.Test_CarsHome.goToCarsHomePage(Test_CarsHome.java:22)
	at java.base/jdk.internal.reflect.NativeMethodAccessorImpl.invoke0(Native Method)
	at java.base/jdk.internal.reflect.NativeMethodAccessorImpl.invoke(NativeMethodAccessorImpl.java:77)
	at java.base/jdk.internal.reflect.DelegatingMethodAccessorImpl.invoke(DelegatingMethodAccessorImpl.java:43)
	at java.base/java.lang.reflect.Method.invoke(Method.java:568)
	at org.testng.internal.MethodInvocationHelper.invokeMethod(MethodInvocationHelper.java:124)
	at org.testng.internal.MethodInvocationHelper.invokeMethodConsideringTimeout(MethodInvocationHelper.java:59)
	at org.testng.internal.Invoker.invokeConfigurationMethod(Invoker.java:458)
	at org.testng.internal.Invoker.invokeConfigurations(Invoker.java:222)
	at org.testng.internal.Invoker.invokeMethod(Invoker.java:523)
	at org.testng.internal.Invoker.invokeTestMethod(Invoker.java:719)
	at org.testng.internal.Invoker.invokeTestMethods(Invoker.java:989)
	at org.testng.internal.TestMethodWorker.invokeTestMethods(TestMethodWorker.java:125)
	at org.testng.internal.TestMethodWorker.run(TestMethodWorker.java:109)
	at org.testng.TestRunner.privateRun(TestRunner.java:648)
	at org.testng.TestRunner.run(TestRunner.java:505)
	at org.testng.SuiteRunner.runTest(SuiteRunner.java:455)
	at org.testng.SuiteRunner.runSequentially(SuiteRunner.java:450)
	at org.testng.SuiteRunner.privateRun(SuiteRunner.java:415)
	at org.testng.SuiteRunner.run(SuiteRunner.java:364)
	at org.testng.SuiteRunnerWorker.runSuite(SuiteRunnerWorker.java:52)
	at org.testng.SuiteRunnerWorker.run(SuiteRunnerWorker.java:84)
	at org.testng.TestNG.runSuitesSequentially(TestNG.java:1208)
	at org.testng.TestNG.runSuitesLocally(TestNG.java:1137)
	at org.testng.TestNG.runSuites(TestNG.java:1049)
	at org.testng.TestNG.run(TestNG.java:1017)
	at org.testng.remote.AbstractRemoteTestNG.run(AbstractRemoteTestNG.java:115)
	at org.testng.remote.RemoteTestNG.initAndRun(RemoteTestNG.java:251)
	at org.testng.remote.RemoteTestNG.main(RemoteTestNG.java:77)
Caused by: com.microsoft.playwright.impl.DriverException: Error {
  message=&apos;net::ERR_ABORTED; maybe frame was detached?
=========================== logs ===========================
navigating to &quot;https://www.carwale.com/&quot;, waiting until &quot;load&quot;
============================================================
  name=&apos;Error
  stack=&apos;Error: net::ERR_ABORTED; maybe frame was detached?
=========================== logs ===========================
navigating to &quot;https://www.carwale.com/&quot;, waiting until &quot;load&quot;
============================================================
    at FrameManager.frameAbortedNavigation (C:\Users\UMESHP~1\AppData\Local\Temp\playwright-java-13599755043734040780\package\lib\server\frames.js:273:14)
    at FrameManager.requestFailed (C:\Users\UMESHP~1\AppData\Local\Temp\playwright-java-13599755043734040780\package\lib\server\frames.js:369:12)
    at CRNetworkManager._onLoadingFailed (C:\Users\UMESHP~1\AppData\Local\Temp\playwright-java-13599755043734040780\package\lib\server\chromium\crNetworkManager.js:527:134)
    at CRSession.emit (node:events:527:28)
    at C:\Users\UMESHP~1\AppData\Local\Temp\playwright-java-13599755043734040780\package\lib\server\chromium\crConnection.js:232:14
}
	at com.microsoft.playwright.impl.Connection.dispatch(Connection.java:190)
	at com.microsoft.playwright.impl.Connection.processOneMessage(Connection.java:170)
	at com.microsoft.playwright.impl.ChannelOwner.runUntil(ChannelOwner.java:107)
	... 39 more
</pre></div><a href='#' onClick='toggleBox("stack-trace1963075870", this, "Click to show all stack frames", "Click to hide stack frames")'>Click to show all stack frames</a>
<div class='stack-trace' id='stack-trace1963075870'><pre>com.microsoft.playwright.PlaywrightException: Error {
  message=&apos;net::ERR_ABORTED; maybe frame was detached?
=========================== logs ===========================
navigating to &quot;https://www.carwale.com/&quot;, waiting until &quot;load&quot;
============================================================
  name=&apos;Error
  stack=&apos;Error: net::ERR_ABORTED; maybe frame was detached?
=========================== logs ===========================
navigating to &quot;https://www.carwale.com/&quot;, waiting until &quot;load&quot;
============================================================
    at FrameManager.frameAbortedNavigation (C:\Users\UMESHP~1\AppData\Local\Temp\playwright-java-13599755043734040780\package\lib\server\frames.js:273:14)
    at FrameManager.requestFailed (C:\Users\UMESHP~1\AppData\Local\Temp\playwright-java-13599755043734040780\package\lib\server\frames.js:369:12)
    at CRNetworkManager._onLoadingFailed (C:\Users\UMESHP~1\AppData\Local\Temp\playwright-java-13599755043734040780\package\lib\server\chromium\crNetworkManager.js:527:134)
    at CRSession.emit (node:events:527:28)
    at C:\Users\UMESHP~1\AppData\Local\Temp\playwright-java-13599755043734040780\package\lib\server\chromium\crConnection.js:232:14
}
	at com.microsoft.playwright.impl.WaitableResult.get(WaitableResult.java:54)
	at com.microsoft.playwright.impl.ChannelOwner.runUntil(ChannelOwner.java:109)
	at com.microsoft.playwright.impl.Connection.sendMessage(Connection.java:108)
	at com.microsoft.playwright.impl.ChannelOwner.sendMessage(ChannelOwner.java:100)
	at com.microsoft.playwright.impl.FrameImpl.navigateImpl(FrameImpl.java:401)
	at com.microsoft.playwright.impl.PageImpl.lambda$navigate$32(PageImpl.java:800)
	at com.microsoft.playwright.impl.LoggingSupport.withLogging(LoggingSupport.java:47)
	at com.microsoft.playwright.impl.ChannelOwner.withLogging(ChannelOwner.java:85)
	at com.microsoft.playwright.impl.PageImpl.navigate(PageImpl.java:800)
	at com.microsoft.playwright.impl.PageImpl.navigate(PageImpl.java:41)
	at com.microsoft.playwright.Page.navigate(Page.java:4309)
	at BaseTest.Base.launchTheBrowser(Base.java:18)
	at TestClasses.Test_CarsHome.goToCarsHomePage(Test_CarsHome.java:22)
	at java.base/jdk.internal.reflect.NativeMethodAccessorImpl.invoke0(Native Method)
	at java.base/jdk.internal.reflect.NativeMethodAccessorImpl.invoke(NativeMethodAccessorImpl.java:77)
	at java.base/jdk.internal.reflect.DelegatingMethodAccessorImpl.invoke(DelegatingMethodAccessorImpl.java:43)
	at java.base/java.lang.reflect.Method.invoke(Method.java:568)
	at org.testng.internal.MethodInvocationHelper.invokeMethod(MethodInvocationHelper.java:124)
	at org.testng.internal.MethodInvocationHelper.invokeMethodConsideringTimeout(MethodInvocationHelper.java:59)
	at org.testng.internal.Invoker.invokeConfigurationMethod(Invoker.java:458)
	at org.testng.internal.Invoker.invokeConfigurations(Invoker.java:222)
	at org.testng.internal.Invoker.invokeMethod(Invoker.java:523)
	at org.testng.internal.Invoker.invokeTestMethod(Invoker.java:719)
	at org.testng.internal.Invoker.invokeTestMethods(Invoker.java:989)
	at org.testng.internal.TestMethodWorker.invokeTestMethods(TestMethodWorker.java:125)
	at org.testng.internal.TestMethodWorker.run(TestMethodWorker.java:109)
	at org.testng.TestRunner.privateRun(TestRunner.java:648)
	at org.testng.TestRunner.run(TestRunner.java:505)
	at org.testng.SuiteRunner.runTest(SuiteRunner.java:455)
	at org.testng.SuiteRunner.runSequentially(SuiteRunner.java:450)
	at org.testng.SuiteRunner.privateRun(SuiteRunner.java:415)
	at org.testng.SuiteRunner.run(SuiteRunner.java:364)
	at org.testng.SuiteRunnerWorker.runSuite(SuiteRunnerWorker.java:52)
	at org.testng.SuiteRunnerWorker.run(SuiteRunnerWorker.java:84)
	at org.testng.TestNG.runSuitesSequentially(TestNG.java:1208)
	at org.testng.TestNG.runSuitesLocally(TestNG.java:1137)
	at org.testng.TestNG.runSuites(TestNG.java:1049)
	at org.testng.TestNG.run(TestNG.java:1017)
	at org.testng.remote.AbstractRemoteTestNG.run(AbstractRemoteTestNG.java:115)
	at org.testng.remote.RemoteTestNG.initAndRun(RemoteTestNG.java:251)
	at org.testng.remote.RemoteTestNG.main(RemoteTestNG.java:77)
Caused by: com.microsoft.playwright.impl.DriverException: Error {
  message=&apos;net::ERR_ABORTED; maybe frame was detached?
=========================== logs ===========================
navigating to &quot;https://www.carwale.com/&quot;, waiting until &quot;load&quot;
============================================================
  name=&apos;Error
  stack=&apos;Error: net::ERR_ABORTED; maybe frame was detached?
=========================== logs ===========================
navigating to &quot;https://www.carwale.com/&quot;, waiting until &quot;load&quot;
============================================================
    at FrameManager.frameAbortedNavigation (C:\Users\UMESHP~1\AppData\Local\Temp\playwright-java-13599755043734040780\package\lib\server\frames.js:273:14)
    at FrameManager.requestFailed (C:\Users\UMESHP~1\AppData\Local\Temp\playwright-java-13599755043734040780\package\lib\server\frames.js:369:12)
    at CRNetworkManager._onLoadingFailed (C:\Users\UMESHP~1\AppData\Local\Temp\playwright-java-13599755043734040780\package\lib\server\chromium\crNetworkManager.js:527:134)
    at CRSession.emit (node:events:527:28)
    at C:\Users\UMESHP~1\AppData\Local\Temp\playwright-java-13599755043734040780\package\lib\server\chromium\crConnection.js:232:14
}
	at com.microsoft.playwright.impl.Connection.dispatch(Connection.java:190)
	at com.microsoft.playwright.impl.Connection.processOneMessage(Connection.java:170)
	at com.microsoft.playwright.impl.ChannelOwner.runUntil(ChannelOwner.java:107)
	... 39 more
</pre></div></td>
<td>9</td>
<td>TestClasses.Test_CarsHome@173ed316</td></tr>
</table><p>
<table width='100%' border='1' class='invocation-skipped'>
<tr><td colspan='4' align='center'><b>SKIPPED CONFIGURATIONS</b></td></tr>
<tr><td><b>Test method</b></td>
<td width="30%"><b>Exception</b></td>
<td width="10%"><b>Time (seconds)</b></td>
<td><b>Instance</b></td>
</tr>
<tr>
<td title='TestClasses.Test_NewCars.tearDow()'><b>tearDow</b><br>Test class: TestClasses.Test_NewCars</td>
<td></td>
<td>0</td>
<td>TestClasses.Test_NewCars@69e153c5</td></tr>
<tr>
<td title='TestClasses.Test_CarsHome.tearDow()'><b>tearDow</b><br>Test class: TestClasses.Test_CarsHome</td>
<td></td>
<td>0</td>
<td>TestClasses.Test_CarsHome@173ed316</td></tr>
</table><p>
<table width='100%' border='1' class='invocation-skipped'>
<tr><td colspan='4' align='center'><b>SKIPPED TESTS</b></td></tr>
<tr><td><b>Test method</b></td>
<td width="30%"><b>Exception</b></td>
<td width="10%"><b>Time (seconds)</b></td>
<td><b>Instance</b></td>
</tr>
<tr>
<td title='TestClasses.Test_CarsHome.goToNewCars()'><b>goToNewCars</b><br>Test class: TestClasses.Test_CarsHome</td>
<td><div><pre>com.microsoft.playwright.PlaywrightException: Error {
  message=&apos;net::ERR_ABORTED; maybe frame was detached?
=========================== logs ===========================
navigating to &quot;https://www.carwale.com/&quot;, waiting until &quot;load&quot;
============================================================
  name=&apos;Error
  stack=&apos;Error: net::ERR_ABORTED; maybe frame was detached?
=========================== logs ===========================
navigating to &quot;https://www.carwale.com/&quot;, waiting until &quot;load&quot;
============================================================
    at FrameManager.frameAbortedNavigation (C:\Users\UMESHP~1\AppData\Local\Temp\playwright-java-13599755043734040780\package\lib\server\frames.js:273:14)
    at FrameManager.requestFailed (C:\Users\UMESHP~1\AppData\Local\Temp\playwright-java-13599755043734040780\package\lib\server\frames.js:369:12)
    at CRNetworkManager._onLoadingFailed (C:\Users\UMESHP~1\AppData\Local\Temp\playwright-java-13599755043734040780\package\lib\server\chromium\crNetworkManager.js:527:134)
    at CRSession.emit (node:events:527:28)
    at C:\Users\UMESHP~1\AppData\Local\Temp\playwright-java-13599755043734040780\package\lib\server\chromium\crConnection.js:232:14
}
	at com.microsoft.playwright.impl.WaitableResult.get(WaitableResult.java:54)
	at com.microsoft.playwright.impl.ChannelOwner.runUntil(ChannelOwner.java:109)
	at com.microsoft.playwright.impl.Connection.sendMessage(Connection.java:108)
	at com.microsoft.playwright.impl.ChannelOwner.sendMessage(ChannelOwner.java:100)
	at com.microsoft.playwright.impl.FrameImpl.navigateImpl(FrameImpl.java:401)
	at com.microsoft.playwright.impl.PageImpl.lambda$navigate$32(PageImpl.java:800)
	at com.microsoft.playwright.impl.LoggingSupport.withLogging(LoggingSupport.java:47)
	at com.microsoft.playwright.impl.ChannelOwner.withLogging(ChannelOwner.java:85)
	at com.microsoft.playwright.impl.PageImpl.navigate(PageImpl.java:800)
	at com.microsoft.playwright.impl.PageImpl.navigate(PageImpl.java:41)
	at com.microsoft.playwright.Page.navigate(Page.java:4309)
	at BaseTest.Base.launchTheBrowser(Base.java:18)
	at TestClasses.Test_CarsHome.goToCarsHomePage(Test_CarsHome.java:22)
	at java.base/jdk.internal.reflect.NativeMethodAccessorImpl.invoke0(Native Method)
	at java.base/jdk.internal.reflect.NativeMethodAccessorImpl.invoke(NativeMethodAccessorImpl.java:77)
	at java.base/jdk.internal.reflect.DelegatingMethodAccessorImpl.invoke(DelegatingMethodAccessorImpl.java:43)
	at java.base/java.lang.reflect.Method.invoke(Method.java:568)
	at org.testng.internal.MethodInvocationHelper.invokeMethod(MethodInvocationHelper.java:124)
	at org.testng.internal.MethodInvocationHelper.invokeMethodConsideringTimeout(MethodInvocationHelper.java:59)
	at org.testng.internal.Invoker.invokeConfigurationMethod(Invoker.java:458)
	at org.testng.internal.Invoker.invokeConfigurations(Invoker.java:222)
	at org.testng.internal.Invoker.invokeMethod(Invoker.java:523)
	at org.testng.internal.Invoker.invokeTestMethod(Invoker.java:719)
	at org.testng.internal.Invoker.invokeTestMethods(Invoker.java:989)
	at org.testng.internal.TestMethodWorker.invokeTestMethods(TestMethodWorker.java:125)
	at org.testng.internal.TestMethodWorker.run(TestMethodWorker.java:109)
	at org.testng.TestRunner.privateRun(TestRunner.java:648)
	at org.testng.TestRunner.run(TestRunner.java:505)
	at org.testng.SuiteRunner.runTest(SuiteRunner.java:455)
	at org.testng.SuiteRunner.runSequentially(SuiteRunner.java:450)
	at org.testng.SuiteRunner.privateRun(SuiteRunner.java:415)
	at org.testng.SuiteRunner.run(SuiteRunner.java:364)
	at org.testng.SuiteRunnerWorker.runSuite(SuiteRunnerWorker.java:52)
	at org.testng.SuiteRunnerWorker.run(SuiteRunnerWorker.java:84)
	at org.testng.TestNG.runSuitesSequentially(TestNG.java:1208)
	at org.testng.TestNG.runSuitesLocally(TestNG.java:1137)
	at org.testng.TestNG.runSuites(TestNG.java:1049)
	at org.testng.TestNG.run(TestNG.java:1017)
	at org.testng.remote.AbstractRemoteTestNG.run(AbstractRemoteTestNG.java:115)
	at org.testng.remote.RemoteTestNG.initAndRun(RemoteTestNG.java:251)
	at org.testng.remote.RemoteTestNG.main(RemoteTestNG.java:77)
Caused by: com.microsoft.playwright.impl.DriverException: Error {
  message=&apos;net::ERR_ABORTED; maybe frame was detached?
=========================== logs ===========================
navigating to &quot;https://www.carwale.com/&quot;, waiting until &quot;load&quot;
============================================================
  name=&apos;Error
  stack=&apos;Error: net::ERR_ABORTED; maybe frame was detached?
=========================== logs ===========================
navigating to &quot;https://www.carwale.com/&quot;, waiting until &quot;load&quot;
============================================================
    at FrameManager.frameAbortedNavigation (C:\Users\UMESHP~1\AppData\Local\Temp\playwright-java-13599755043734040780\package\lib\server\frames.js:273:14)
    at FrameManager.requestFailed (C:\Users\UMESHP~1\AppData\Local\Temp\playwright-java-13599755043734040780\package\lib\server\frames.js:369:12)
    at CRNetworkManager._onLoadingFailed (C:\Users\UMESHP~1\AppData\Local\Temp\playwright-java-13599755043734040780\package\lib\server\chromium\crNetworkManager.js:527:134)
    at CRSession.emit (node:events:527:28)
    at C:\Users\UMESHP~1\AppData\Local\Temp\playwright-java-13599755043734040780\package\lib\server\chromium\crConnection.js:232:14
}
	at com.microsoft.playwright.impl.Connection.dispatch(Connection.java:190)
	at com.microsoft.playwright.impl.Connection.processOneMessage(Connection.java:170)
	at com.microsoft.playwright.impl.ChannelOwner.runUntil(ChannelOwner.java:107)
	... 39 more
</pre></div><a href='#' onClick='toggleBox("stack-trace1184124073", this, "Click to show all stack frames", "Click to hide stack frames")'>Click to show all stack frames</a>
<div class='stack-trace' id='stack-trace1184124073'><pre>com.microsoft.playwright.PlaywrightException: Error {
  message=&apos;net::ERR_ABORTED; maybe frame was detached?
=========================== logs ===========================
navigating to &quot;https://www.carwale.com/&quot;, waiting until &quot;load&quot;
============================================================
  name=&apos;Error
  stack=&apos;Error: net::ERR_ABORTED; maybe frame was detached?
=========================== logs ===========================
navigating to &quot;https://www.carwale.com/&quot;, waiting until &quot;load&quot;
============================================================
    at FrameManager.frameAbortedNavigation (C:\Users\UMESHP~1\AppData\Local\Temp\playwright-java-13599755043734040780\package\lib\server\frames.js:273:14)
    at FrameManager.requestFailed (C:\Users\UMESHP~1\AppData\Local\Temp\playwright-java-13599755043734040780\package\lib\server\frames.js:369:12)
    at CRNetworkManager._onLoadingFailed (C:\Users\UMESHP~1\AppData\Local\Temp\playwright-java-13599755043734040780\package\lib\server\chromium\crNetworkManager.js:527:134)
    at CRSession.emit (node:events:527:28)
    at C:\Users\UMESHP~1\AppData\Local\Temp\playwright-java-13599755043734040780\package\lib\server\chromium\crConnection.js:232:14
}
	at com.microsoft.playwright.impl.WaitableResult.get(WaitableResult.java:54)
	at com.microsoft.playwright.impl.ChannelOwner.runUntil(ChannelOwner.java:109)
	at com.microsoft.playwright.impl.Connection.sendMessage(Connection.java:108)
	at com.microsoft.playwright.impl.ChannelOwner.sendMessage(ChannelOwner.java:100)
	at com.microsoft.playwright.impl.FrameImpl.navigateImpl(FrameImpl.java:401)
	at com.microsoft.playwright.impl.PageImpl.lambda$navigate$32(PageImpl.java:800)
	at com.microsoft.playwright.impl.LoggingSupport.withLogging(LoggingSupport.java:47)
	at com.microsoft.playwright.impl.ChannelOwner.withLogging(ChannelOwner.java:85)
	at com.microsoft.playwright.impl.PageImpl.navigate(PageImpl.java:800)
	at com.microsoft.playwright.impl.PageImpl.navigate(PageImpl.java:41)
	at com.microsoft.playwright.Page.navigate(Page.java:4309)
	at BaseTest.Base.launchTheBrowser(Base.java:18)
	at TestClasses.Test_CarsHome.goToCarsHomePage(Test_CarsHome.java:22)
	at java.base/jdk.internal.reflect.NativeMethodAccessorImpl.invoke0(Native Method)
	at java.base/jdk.internal.reflect.NativeMethodAccessorImpl.invoke(NativeMethodAccessorImpl.java:77)
	at java.base/jdk.internal.reflect.DelegatingMethodAccessorImpl.invoke(DelegatingMethodAccessorImpl.java:43)
	at java.base/java.lang.reflect.Method.invoke(Method.java:568)
	at org.testng.internal.MethodInvocationHelper.invokeMethod(MethodInvocationHelper.java:124)
	at org.testng.internal.MethodInvocationHelper.invokeMethodConsideringTimeout(MethodInvocationHelper.java:59)
	at org.testng.internal.Invoker.invokeConfigurationMethod(Invoker.java:458)
	at org.testng.internal.Invoker.invokeConfigurations(Invoker.java:222)
	at org.testng.internal.Invoker.invokeMethod(Invoker.java:523)
	at org.testng.internal.Invoker.invokeTestMethod(Invoker.java:719)
	at org.testng.internal.Invoker.invokeTestMethods(Invoker.java:989)
	at org.testng.internal.TestMethodWorker.invokeTestMethods(TestMethodWorker.java:125)
	at org.testng.internal.TestMethodWorker.run(TestMethodWorker.java:109)
	at org.testng.TestRunner.privateRun(TestRunner.java:648)
	at org.testng.TestRunner.run(TestRunner.java:505)
	at org.testng.SuiteRunner.runTest(SuiteRunner.java:455)
	at org.testng.SuiteRunner.runSequentially(SuiteRunner.java:450)
	at org.testng.SuiteRunner.privateRun(SuiteRunner.java:415)
	at org.testng.SuiteRunner.run(SuiteRunner.java:364)
	at org.testng.SuiteRunnerWorker.runSuite(SuiteRunnerWorker.java:52)
	at org.testng.SuiteRunnerWorker.run(SuiteRunnerWorker.java:84)
	at org.testng.TestNG.runSuitesSequentially(TestNG.java:1208)
	at org.testng.TestNG.runSuitesLocally(TestNG.java:1137)
	at org.testng.TestNG.runSuites(TestNG.java:1049)
	at org.testng.TestNG.run(TestNG.java:1017)
	at org.testng.remote.AbstractRemoteTestNG.run(AbstractRemoteTestNG.java:115)
	at org.testng.remote.RemoteTestNG.initAndRun(RemoteTestNG.java:251)
	at org.testng.remote.RemoteTestNG.main(RemoteTestNG.java:77)
Caused by: com.microsoft.playwright.impl.DriverException: Error {
  message=&apos;net::ERR_ABORTED; maybe frame was detached?
=========================== logs ===========================
navigating to &quot;https://www.carwale.com/&quot;, waiting until &quot;load&quot;
============================================================
  name=&apos;Error
  stack=&apos;Error: net::ERR_ABORTED; maybe frame was detached?
=========================== logs ===========================
navigating to &quot;https://www.carwale.com/&quot;, waiting until &quot;load&quot;
============================================================
    at FrameManager.frameAbortedNavigation (C:\Users\UMESHP~1\AppData\Local\Temp\playwright-java-13599755043734040780\package\lib\server\frames.js:273:14)
    at FrameManager.requestFailed (C:\Users\UMESHP~1\AppData\Local\Temp\playwright-java-13599755043734040780\package\lib\server\frames.js:369:12)
    at CRNetworkManager._onLoadingFailed (C:\Users\UMESHP~1\AppData\Local\Temp\playwright-java-13599755043734040780\package\lib\server\chromium\crNetworkManager.js:527:134)
    at CRSession.emit (node:events:527:28)
    at C:\Users\UMESHP~1\AppData\Local\Temp\playwright-java-13599755043734040780\package\lib\server\chromium\crConnection.js:232:14
}
	at com.microsoft.playwright.impl.Connection.dispatch(Connection.java:190)
	at com.microsoft.playwright.impl.Connection.processOneMessage(Connection.java:170)
	at com.microsoft.playwright.impl.ChannelOwner.runUntil(ChannelOwner.java:107)
	... 39 more
</pre></div></td>
<td>0</td>
<td>TestClasses.Test_CarsHome@173ed316</td></tr>
<tr>
<td title='TestClasses.Test_NewCars.verfyThatUserShouldBeAbleToNavigateToBMWCarPage()'><b>verfyThatUserShouldBeAbleToNavigateToBMWCarPage</b><br>Test class: TestClasses.Test_NewCars</td>
<td><div><pre>com.microsoft.playwright.PlaywrightException: Error {
  message=&apos;Navigation failed because page was closed!
=========================== logs ===========================
navigating to &quot;https://www.carwale.com/&quot;, waiting until &quot;load&quot;
============================================================
  name=&apos;Error
  stack=&apos;Error: Navigation failed because page was closed!
=========================== logs ===========================
navigating to &quot;https://www.carwale.com/&quot;, waiting until &quot;load&quot;
============================================================
    at C:\Users\UMESHP~1\AppData\Local\Temp\playwright-java-13599755043734040780\package\lib\server\frames.js:673:13
    at async ProgressController.run (C:\Users\UMESHP~1\AppData\Local\Temp\playwright-java-13599755043734040780\package\lib\server\progress.js:101:22)
    at async FrameDispatcher.goto (C:\Users\UMESHP~1\AppData\Local\Temp\playwright-java-13599755043734040780\package\lib\server\dispatchers\frameDispatcher.js:87:59)
    at async DispatcherConnection.dispatch (C:\Users\UMESHP~1\AppData\Local\Temp\playwright-java-13599755043734040780\package\lib\server\dispatchers\dispatcher.js:397:22)
}
	at com.microsoft.playwright.impl.WaitableResult.get(WaitableResult.java:54)
	at com.microsoft.playwright.impl.ChannelOwner.runUntil(ChannelOwner.java:109)
	at com.microsoft.playwright.impl.Connection.sendMessage(Connection.java:108)
	at com.microsoft.playwright.impl.ChannelOwner.sendMessage(ChannelOwner.java:100)
	at com.microsoft.playwright.impl.FrameImpl.navigateImpl(FrameImpl.java:401)
	at com.microsoft.playwright.impl.PageImpl.lambda$navigate$32(PageImpl.java:800)
	at com.microsoft.playwright.impl.LoggingSupport.withLogging(LoggingSupport.java:47)
	at com.microsoft.playwright.impl.ChannelOwner.withLogging(ChannelOwner.java:85)
	at com.microsoft.playwright.impl.PageImpl.navigate(PageImpl.java:800)
	at com.microsoft.playwright.impl.PageImpl.navigate(PageImpl.java:41)
	at com.microsoft.playwright.Page.navigate(Page.java:4309)
	at BaseTest.Base.launchTheBrowser(Base.java:18)
	at TestClasses.Test_NewCars.lauctTheBrowser(Test_NewCars.java:24)
	at java.base/jdk.internal.reflect.NativeMethodAccessorImpl.invoke0(Native Method)
	at java.base/jdk.internal.reflect.NativeMethodAccessorImpl.invoke(NativeMethodAccessorImpl.java:77)
	at java.base/jdk.internal.reflect.DelegatingMethodAccessorImpl.invoke(DelegatingMethodAccessorImpl.java:43)
	at java.base/java.lang.reflect.Method.invoke(Method.java:568)
	at org.testng.internal.MethodInvocationHelper.invokeMethod(MethodInvocationHelper.java:124)
	at org.testng.internal.MethodInvocationHelper.invokeMethodConsideringTimeout(MethodInvocationHelper.java:59)
	at org.testng.internal.Invoker.invokeConfigurationMethod(Invoker.java:458)
	at org.testng.internal.Invoker.invokeConfigurations(Invoker.java:222)
	at org.testng.internal.Invoker.invokeMethod(Invoker.java:523)
	at org.testng.internal.Invoker.invokeTestMethod(Invoker.java:719)
	at org.testng.internal.Invoker.invokeTestMethods(Invoker.java:989)
	at org.testng.internal.TestMethodWorker.invokeTestMethods(TestMethodWorker.java:125)
	at org.testng.internal.TestMethodWorker.run(TestMethodWorker.java:109)
	at org.testng.TestRunner.privateRun(TestRunner.java:648)
	at org.testng.TestRunner.run(TestRunner.java:505)
	at org.testng.SuiteRunner.runTest(SuiteRunner.java:455)
	at org.testng.SuiteRunner.runSequentially(SuiteRunner.java:450)
	at org.testng.SuiteRunner.privateRun(SuiteRunner.java:415)
	at org.testng.SuiteRunner.run(SuiteRunner.java:364)
	at org.testng.SuiteRunnerWorker.runSuite(SuiteRunnerWorker.java:52)
	at org.testng.SuiteRunnerWorker.run(SuiteRunnerWorker.java:84)
	at org.testng.TestNG.runSuitesSequentially(TestNG.java:1208)
	at org.testng.TestNG.runSuitesLocally(TestNG.java:1137)
	at org.testng.TestNG.runSuites(TestNG.java:1049)
	at org.testng.TestNG.run(TestNG.java:1017)
	at org.testng.remote.AbstractRemoteTestNG.run(AbstractRemoteTestNG.java:115)
	at org.testng.remote.RemoteTestNG.initAndRun(RemoteTestNG.java:251)
	at org.testng.remote.RemoteTestNG.main(RemoteTestNG.java:77)
Caused by: com.microsoft.playwright.impl.DriverException: Error {
  message=&apos;Navigation failed because page was closed!
=========================== logs ===========================
navigating to &quot;https://www.carwale.com/&quot;, waiting until &quot;load&quot;
============================================================
  name=&apos;Error
  stack=&apos;Error: Navigation failed because page was closed!
=========================== logs ===========================
navigating to &quot;https://www.carwale.com/&quot;, waiting until &quot;load&quot;
============================================================
    at C:\Users\UMESHP~1\AppData\Local\Temp\playwright-java-13599755043734040780\package\lib\server\frames.js:673:13
    at async ProgressController.run (C:\Users\UMESHP~1\AppData\Local\Temp\playwright-java-13599755043734040780\package\lib\server\progress.js:101:22)
    at async FrameDispatcher.goto (C:\Users\UMESHP~1\AppData\Local\Temp\playwright-java-13599755043734040780\package\lib\server\dispatchers\frameDispatcher.js:87:59)
    at async DispatcherConnection.dispatch (C:\Users\UMESHP~1\AppData\Local\Temp\playwright-java-13599755043734040780\package\lib\server\dispatchers\dispatcher.js:397:22)
}
	at com.microsoft.playwright.impl.Connection.dispatch(Connection.java:190)
	at com.microsoft.playwright.impl.Connection.processOneMessage(Connection.java:170)
	at com.microsoft.playwright.impl.ChannelOwner.runUntil(ChannelOwner.java:107)
	... 39 more
</pre></div><a href='#' onClick='toggleBox("stack-trace337799666", this, "Click to show all stack frames", "Click to hide stack frames")'>Click to show all stack frames</a>
<div class='stack-trace' id='stack-trace337799666'><pre>com.microsoft.playwright.PlaywrightException: Error {
  message=&apos;Navigation failed because page was closed!
=========================== logs ===========================
navigating to &quot;https://www.carwale.com/&quot;, waiting until &quot;load&quot;
============================================================
  name=&apos;Error
  stack=&apos;Error: Navigation failed because page was closed!
=========================== logs ===========================
navigating to &quot;https://www.carwale.com/&quot;, waiting until &quot;load&quot;
============================================================
    at C:\Users\UMESHP~1\AppData\Local\Temp\playwright-java-13599755043734040780\package\lib\server\frames.js:673:13
    at async ProgressController.run (C:\Users\UMESHP~1\AppData\Local\Temp\playwright-java-13599755043734040780\package\lib\server\progress.js:101:22)
    at async FrameDispatcher.goto (C:\Users\UMESHP~1\AppData\Local\Temp\playwright-java-13599755043734040780\package\lib\server\dispatchers\frameDispatcher.js:87:59)
    at async DispatcherConnection.dispatch (C:\Users\UMESHP~1\AppData\Local\Temp\playwright-java-13599755043734040780\package\lib\server\dispatchers\dispatcher.js:397:22)
}
	at com.microsoft.playwright.impl.WaitableResult.get(WaitableResult.java:54)
	at com.microsoft.playwright.impl.ChannelOwner.runUntil(ChannelOwner.java:109)
	at com.microsoft.playwright.impl.Connection.sendMessage(Connection.java:108)
	at com.microsoft.playwright.impl.ChannelOwner.sendMessage(ChannelOwner.java:100)
	at com.microsoft.playwright.impl.FrameImpl.navigateImpl(FrameImpl.java:401)
	at com.microsoft.playwright.impl.PageImpl.lambda$navigate$32(PageImpl.java:800)
	at com.microsoft.playwright.impl.LoggingSupport.withLogging(LoggingSupport.java:47)
	at com.microsoft.playwright.impl.ChannelOwner.withLogging(ChannelOwner.java:85)
	at com.microsoft.playwright.impl.PageImpl.navigate(PageImpl.java:800)
	at com.microsoft.playwright.impl.PageImpl.navigate(PageImpl.java:41)
	at com.microsoft.playwright.Page.navigate(Page.java:4309)
	at BaseTest.Base.launchTheBrowser(Base.java:18)
	at TestClasses.Test_NewCars.lauctTheBrowser(Test_NewCars.java:24)
	at java.base/jdk.internal.reflect.NativeMethodAccessorImpl.invoke0(Native Method)
	at java.base/jdk.internal.reflect.NativeMethodAccessorImpl.invoke(NativeMethodAccessorImpl.java:77)
	at java.base/jdk.internal.reflect.DelegatingMethodAccessorImpl.invoke(DelegatingMethodAccessorImpl.java:43)
	at java.base/java.lang.reflect.Method.invoke(Method.java:568)
	at org.testng.internal.MethodInvocationHelper.invokeMethod(MethodInvocationHelper.java:124)
	at org.testng.internal.MethodInvocationHelper.invokeMethodConsideringTimeout(MethodInvocationHelper.java:59)
	at org.testng.internal.Invoker.invokeConfigurationMethod(Invoker.java:458)
	at org.testng.internal.Invoker.invokeConfigurations(Invoker.java:222)
	at org.testng.internal.Invoker.invokeMethod(Invoker.java:523)
	at org.testng.internal.Invoker.invokeTestMethod(Invoker.java:719)
	at org.testng.internal.Invoker.invokeTestMethods(Invoker.java:989)
	at org.testng.internal.TestMethodWorker.invokeTestMethods(TestMethodWorker.java:125)
	at org.testng.internal.TestMethodWorker.run(TestMethodWorker.java:109)
	at org.testng.TestRunner.privateRun(TestRunner.java:648)
	at org.testng.TestRunner.run(TestRunner.java:505)
	at org.testng.SuiteRunner.runTest(SuiteRunner.java:455)
	at org.testng.SuiteRunner.runSequentially(SuiteRunner.java:450)
	at org.testng.SuiteRunner.privateRun(SuiteRunner.java:415)
	at org.testng.SuiteRunner.run(SuiteRunner.java:364)
	at org.testng.SuiteRunnerWorker.runSuite(SuiteRunnerWorker.java:52)
	at org.testng.SuiteRunnerWorker.run(SuiteRunnerWorker.java:84)
	at org.testng.TestNG.runSuitesSequentially(TestNG.java:1208)
	at org.testng.TestNG.runSuitesLocally(TestNG.java:1137)
	at org.testng.TestNG.runSuites(TestNG.java:1049)
	at org.testng.TestNG.run(TestNG.java:1017)
	at org.testng.remote.AbstractRemoteTestNG.run(AbstractRemoteTestNG.java:115)
	at org.testng.remote.RemoteTestNG.initAndRun(RemoteTestNG.java:251)
	at org.testng.remote.RemoteTestNG.main(RemoteTestNG.java:77)
Caused by: com.microsoft.playwright.impl.DriverException: Error {
  message=&apos;Navigation failed because page was closed!
=========================== logs ===========================
navigating to &quot;https://www.carwale.com/&quot;, waiting until &quot;load&quot;
============================================================
  name=&apos;Error
  stack=&apos;Error: Navigation failed because page was closed!
=========================== logs ===========================
navigating to &quot;https://www.carwale.com/&quot;, waiting until &quot;load&quot;
============================================================
    at C:\Users\UMESHP~1\AppData\Local\Temp\playwright-java-13599755043734040780\package\lib\server\frames.js:673:13
    at async ProgressController.run (C:\Users\UMESHP~1\AppData\Local\Temp\playwright-java-13599755043734040780\package\lib\server\progress.js:101:22)
    at async FrameDispatcher.goto (C:\Users\UMESHP~1\AppData\Local\Temp\playwright-java-13599755043734040780\package\lib\server\dispatchers\frameDispatcher.js:87:59)
    at async DispatcherConnection.dispatch (C:\Users\UMESHP~1\AppData\Local\Temp\playwright-java-13599755043734040780\package\lib\server\dispatchers\dispatcher.js:397:22)
}
	at com.microsoft.playwright.impl.Connection.dispatch(Connection.java:190)
	at com.microsoft.playwright.impl.Connection.processOneMessage(Connection.java:170)
	at com.microsoft.playwright.impl.ChannelOwner.runUntil(ChannelOwner.java:107)
	... 39 more
</pre></div></td>
<td>0</td>
<td>TestClasses.Test_NewCars@69e153c5</td></tr>
</table><p>
</body>
</html>