<!DOCTYPE html PUBLIC "-//W3C//DTD XHTML 1.1//EN" "http://www.w3.org/TR/xhtml11/DTD/xhtml11.dtd">
<html xmlns="http://www.w3.org/1999/xhtml">
<head>
<meta http-equiv="content-type" content="text/html; charset=UTF-8"/>
<title>TestNG Report</title>
<style type="text/css">table {margin-bottom:10px;border-collapse:collapse;empty-cells:show}th,td {border:1px solid #009;padding:.25em .5em}th {vertical-align:bottom}td {vertical-align:top}table a {font-weight:bold}.stripe td {background-color: #E6EBF9}.num {text-align:right}.passedodd td {background-color: #3F3}.passedeven td {background-color: #0A0}.skippedodd td {background-color: #DDD}.skippedeven td {background-color: #CCC}.failedodd td,.attn {background-color: #F33}.failedeven td,.stripe .attn {background-color: #D00}.stacktrace {white-space:pre;font-family:monospace}.totop {font-size:85%;text-align:center;border-bottom:2px solid #000}.invisible {display:none}</style>
</head>
<body>
<table>
<tr><th>Test</th><th># Passed</th><th># Skipped</th><th># Failed</th><th>Time (ms)</th><th>Included Groups</th><th>Excluded Groups</th></tr>
<tr><th colspan="7">Default suite</th></tr>
<tr><td><a href="#t0">Default test</a></td><td class="num">0</td><td class="num attn">2</td><td class="num">0</td><td class="num">47,118</td><td></td><td></td></tr>
</table>
<table id='summary'><thead><tr><th>Class</th><th>Method</th><th>Start</th><th>Time (ms)</th></tr></thead><tbody><tr><th colspan="4">Default suite</th></tr></tbody><tbody id="t0"><tr><th colspan="4">Default test &#8212; failed (configuration methods)</th></tr><tr class="failedeven"><td rowspan="1">TestClasses.Test_CarsHome</td><td><a href="#m0">goToCarsHomePage</a></td><td rowspan="1">1734526850313</td><td rowspan="1">9479</td></tr><tr class="failedodd"><td rowspan="1">TestClasses.Test_NewCars</td><td><a href="#m1">lauctTheBrowser</a></td><td rowspan="1">1734526812730</td><td rowspan="1">37515</td></tr><tr><th colspan="4">Default test &#8212; skipped (configuration methods)</th></tr><tr class="skippedeven"><td rowspan="1">TestClasses.Test_CarsHome</td><td><a href="#m2">tearDow</a></td><td rowspan="1">1734526859819</td><td rowspan="1">0</td></tr><tr class="skippedodd"><td rowspan="1">TestClasses.Test_NewCars</td><td><a href="#m3">tearDow</a></td><td rowspan="1">1734526850304</td><td rowspan="1">0</td></tr><tr><th colspan="4">Default test &#8212; skipped</th></tr><tr class="skippedeven"><td rowspan="1">TestClasses.Test_CarsHome</td><td><a href="#m4">goToNewCars</a></td><td rowspan="1">1734526859806</td><td rowspan="1">0</td></tr><tr class="skippedodd"><td rowspan="1">TestClasses.Test_NewCars</td><td><a href="#m5">verfyThatUserShouldBeAbleToNavigateToBMWCarPage</a></td><td rowspan="1">1734526850262</td><td rowspan="1">0</td></tr></tbody>
</table>
<h2>Default test</h2><h3 id="m0">TestClasses.Test_CarsHome#goToCarsHomePage</h3><table class="result"><tr><th>Exception</th></tr><tr><td><div class="stacktrace">com.microsoft.playwright.PlaywrightException: Error {
  message=&apos;net::ERR_ABORTED; maybe frame was detached?
=========================== logs ===========================
navigating to &quot;https://www.carwale.com/&quot;, waiting until &quot;load&quot;
============================================================
  name=&apos;Error
  stack=&apos;Error: net::ERR_ABORTED; maybe frame was detached?
=========================== logs ===========================
navigating to &quot;https://www.carwale.com/&quot;, waiting until &quot;load&quot;
============================================================
    at FrameManager.frameAbortedNavigation (C:\Users\UMESHP~1\AppData\Local\Temp\playwright-java-13599755043734040780\package\lib\server\frames.js:273:14)
    at FrameManager.requestFailed (C:\Users\UMESHP~1\AppData\Local\Temp\playwright-java-13599755043734040780\package\lib\server\frames.js:369:12)
    at CRNetworkManager._onLoadingFailed (C:\Users\UMESHP~1\AppData\Local\Temp\playwright-java-13599755043734040780\package\lib\server\chromium\crNetworkManager.js:527:134)
    at CRSession.emit (node:events:527:28)
    at C:\Users\UMESHP~1\AppData\Local\Temp\playwright-java-13599755043734040780\package\lib\server\chromium\crConnection.js:232:14
}
	at com.microsoft.playwright.impl.WaitableResult.get(WaitableResult.java:54)
	at com.microsoft.playwright.impl.ChannelOwner.runUntil(ChannelOwner.java:109)
	at com.microsoft.playwright.impl.Connection.sendMessage(Connection.java:108)
	at com.microsoft.playwright.impl.ChannelOwner.sendMessage(ChannelOwner.java:100)
	at com.microsoft.playwright.impl.FrameImpl.navigateImpl(FrameImpl.java:401)
	at com.microsoft.playwright.impl.PageImpl.lambda$navigate$32(PageImpl.java:800)
	at com.microsoft.playwright.impl.LoggingSupport.withLogging(LoggingSupport.java:47)
	at com.microsoft.playwright.impl.ChannelOwner.withLogging(ChannelOwner.java:85)
	at com.microsoft.playwright.impl.PageImpl.navigate(PageImpl.java:800)
	at com.microsoft.playwright.impl.PageImpl.navigate(PageImpl.java:41)
	at com.microsoft.playwright.Page.navigate(Page.java:4309)
	at BaseTest.Base.launchTheBrowser(Base.java:18)
	at TestClasses.Test_CarsHome.goToCarsHomePage(Test_CarsHome.java:22)
	at java.base/jdk.internal.reflect.NativeMethodAccessorImpl.invoke0(Native Method)
	at java.base/jdk.internal.reflect.NativeMethodAccessorImpl.invoke(NativeMethodAccessorImpl.java:77)
	at java.base/jdk.internal.reflect.DelegatingMethodAccessorImpl.invoke(DelegatingMethodAccessorImpl.java:43)
	at java.base/java.lang.reflect.Method.invoke(Method.java:568)
	at org.testng.internal.MethodInvocationHelper.invokeMethod(MethodInvocationHelper.java:124)
	at org.testng.internal.MethodInvocationHelper.invokeMethodConsideringTimeout(MethodInvocationHelper.java:59)
	at org.testng.internal.Invoker.invokeConfigurationMethod(Invoker.java:458)
	at org.testng.internal.Invoker.invokeConfigurations(Invoker.java:222)
	at org.testng.internal.Invoker.invokeMethod(Invoker.java:523)
	at org.testng.internal.Invoker.invokeTestMethod(Invoker.java:719)
	at org.testng.internal.Invoker.invokeTestMethods(Invoker.java:989)
	at org.testng.internal.TestMethodWorker.invokeTestMethods(TestMethodWorker.java:125)
	at org.testng.internal.TestMethodWorker.run(TestMethodWorker.java:109)
	at org.testng.TestRunner.privateRun(TestRunner.java:648)
	at org.testng.TestRunner.run(TestRunner.java:505)
	at org.testng.SuiteRunner.runTest(SuiteRunner.java:455)
	at org.testng.SuiteRunner.runSequentially(SuiteRunner.java:450)
	at org.testng.SuiteRunner.privateRun(SuiteRunner.java:415)
	at org.testng.SuiteRunner.run(SuiteRunner.java:364)
	at org.testng.SuiteRunnerWorker.runSuite(SuiteRunnerWorker.java:52)
	at org.testng.SuiteRunnerWorker.run(SuiteRunnerWorker.java:84)
	at org.testng.TestNG.runSuitesSequentially(TestNG.java:1208)
	at org.testng.TestNG.runSuitesLocally(TestNG.java:1137)
	at org.testng.TestNG.runSuites(TestNG.java:1049)
	at org.testng.TestNG.run(TestNG.java:1017)
	at org.testng.remote.AbstractRemoteTestNG.run(AbstractRemoteTestNG.java:115)
	at org.testng.remote.RemoteTestNG.initAndRun(RemoteTestNG.java:251)
	at org.testng.remote.RemoteTestNG.main(RemoteTestNG.java:77)
Caused by: com.microsoft.playwright.impl.DriverException: Error {
  message=&apos;net::ERR_ABORTED; maybe frame was detached?
=========================== logs ===========================
navigating to &quot;https://www.carwale.com/&quot;, waiting until &quot;load&quot;
============================================================
  name=&apos;Error
  stack=&apos;Error: net::ERR_ABORTED; maybe frame was detached?
=========================== logs ===========================
navigating to &quot;https://www.carwale.com/&quot;, waiting until &quot;load&quot;
============================================================
    at FrameManager.frameAbortedNavigation (C:\Users\UMESHP~1\AppData\Local\Temp\playwright-java-13599755043734040780\package\lib\server\frames.js:273:14)
    at FrameManager.requestFailed (C:\Users\UMESHP~1\AppData\Local\Temp\playwright-java-13599755043734040780\package\lib\server\frames.js:369:12)
    at CRNetworkManager._onLoadingFailed (C:\Users\UMESHP~1\AppData\Local\Temp\playwright-java-13599755043734040780\package\lib\server\chromium\crNetworkManager.js:527:134)
    at CRSession.emit (node:events:527:28)
    at C:\Users\UMESHP~1\AppData\Local\Temp\playwright-java-13599755043734040780\package\lib\server\chromium\crConnection.js:232:14
}
	at com.microsoft.playwright.impl.Connection.dispatch(Connection.java:190)
	at com.microsoft.playwright.impl.Connection.processOneMessage(Connection.java:170)
	at com.microsoft.playwright.impl.ChannelOwner.runUntil(ChannelOwner.java:107)
	... 39 more
</div></td></tr></table><p class="totop"><a href="#summary">back to summary</a></p>
<h3 id="m1">TestClasses.Test_NewCars#lauctTheBrowser</h3><table class="result"><tr><th>Exception</th></tr><tr><td><div class="stacktrace">com.microsoft.playwright.PlaywrightException: Error {
  message=&apos;Navigation failed because page was closed!
=========================== logs ===========================
navigating to &quot;https://www.carwale.com/&quot;, waiting until &quot;load&quot;
============================================================
  name=&apos;Error
  stack=&apos;Error: Navigation failed because page was closed!
=========================== logs ===========================
navigating to &quot;https://www.carwale.com/&quot;, waiting until &quot;load&quot;
============================================================
    at C:\Users\UMESHP~1\AppData\Local\Temp\playwright-java-13599755043734040780\package\lib\server\frames.js:673:13
    at async ProgressController.run (C:\Users\UMESHP~1\AppData\Local\Temp\playwright-java-13599755043734040780\package\lib\server\progress.js:101:22)
    at async FrameDispatcher.goto (C:\Users\UMESHP~1\AppData\Local\Temp\playwright-java-13599755043734040780\package\lib\server\dispatchers\frameDispatcher.js:87:59)
    at async DispatcherConnection.dispatch (C:\Users\UMESHP~1\AppData\Local\Temp\playwright-java-13599755043734040780\package\lib\server\dispatchers\dispatcher.js:397:22)
}
	at com.microsoft.playwright.impl.WaitableResult.get(WaitableResult.java:54)
	at com.microsoft.playwright.impl.ChannelOwner.runUntil(ChannelOwner.java:109)
	at com.microsoft.playwright.impl.Connection.sendMessage(Connection.java:108)
	at com.microsoft.playwright.impl.ChannelOwner.sendMessage(ChannelOwner.java:100)
	at com.microsoft.playwright.impl.FrameImpl.navigateImpl(FrameImpl.java:401)
	at com.microsoft.playwright.impl.PageImpl.lambda$navigate$32(PageImpl.java:800)
	at com.microsoft.playwright.impl.LoggingSupport.withLogging(LoggingSupport.java:47)
	at com.microsoft.playwright.impl.ChannelOwner.withLogging(ChannelOwner.java:85)
	at com.microsoft.playwright.impl.PageImpl.navigate(PageImpl.java:800)
	at com.microsoft.playwright.impl.PageImpl.navigate(PageImpl.java:41)
	at com.microsoft.playwright.Page.navigate(Page.java:4309)
	at BaseTest.Base.launchTheBrowser(Base.java:18)
	at TestClasses.Test_NewCars.lauctTheBrowser(Test_NewCars.java:24)
	at java.base/jdk.internal.reflect.NativeMethodAccessorImpl.invoke0(Native Method)
	at java.base/jdk.internal.reflect.NativeMethodAccessorImpl.invoke(NativeMethodAccessorImpl.java:77)
	at java.base/jdk.internal.reflect.DelegatingMethodAccessorImpl.invoke(DelegatingMethodAccessorImpl.java:43)
	at java.base/java.lang.reflect.Method.invoke(Method.java:568)
	at org.testng.internal.MethodInvocationHelper.invokeMethod(MethodInvocationHelper.java:124)
	at org.testng.internal.MethodInvocationHelper.invokeMethodConsideringTimeout(MethodInvocationHelper.java:59)
	at org.testng.internal.Invoker.invokeConfigurationMethod(Invoker.java:458)
	at org.testng.internal.Invoker.invokeConfigurations(Invoker.java:222)
	at org.testng.internal.Invoker.invokeMethod(Invoker.java:523)
	at org.testng.internal.Invoker.invokeTestMethod(Invoker.java:719)
	at org.testng.internal.Invoker.invokeTestMethods(Invoker.java:989)
	at org.testng.internal.TestMethodWorker.invokeTestMethods(TestMethodWorker.java:125)
	at org.testng.internal.TestMethodWorker.run(TestMethodWorker.java:109)
	at org.testng.TestRunner.privateRun(TestRunner.java:648)
	at org.testng.TestRunner.run(TestRunner.java:505)
	at org.testng.SuiteRunner.runTest(SuiteRunner.java:455)
	at org.testng.SuiteRunner.runSequentially(SuiteRunner.java:450)
	at org.testng.SuiteRunner.privateRun(SuiteRunner.java:415)
	at org.testng.SuiteRunner.run(SuiteRunner.java:364)
	at org.testng.SuiteRunnerWorker.runSuite(SuiteRunnerWorker.java:52)
	at org.testng.SuiteRunnerWorker.run(SuiteRunnerWorker.java:84)
	at org.testng.TestNG.runSuitesSequentially(TestNG.java:1208)
	at org.testng.TestNG.runSuitesLocally(TestNG.java:1137)
	at org.testng.TestNG.runSuites(TestNG.java:1049)
	at org.testng.TestNG.run(TestNG.java:1017)
	at org.testng.remote.AbstractRemoteTestNG.run(AbstractRemoteTestNG.java:115)
	at org.testng.remote.RemoteTestNG.initAndRun(RemoteTestNG.java:251)
	at org.testng.remote.RemoteTestNG.main(RemoteTestNG.java:77)
Caused by: com.microsoft.playwright.impl.DriverException: Error {
  message=&apos;Navigation failed because page was closed!
=========================== logs ===========================
navigating to &quot;https://www.carwale.com/&quot;, waiting until &quot;load&quot;
============================================================
  name=&apos;Error
  stack=&apos;Error: Navigation failed because page was closed!
=========================== logs ===========================
navigating to &quot;https://www.carwale.com/&quot;, waiting until &quot;load&quot;
============================================================
    at C:\Users\UMESHP~1\AppData\Local\Temp\playwright-java-13599755043734040780\package\lib\server\frames.js:673:13
    at async ProgressController.run (C:\Users\UMESHP~1\AppData\Local\Temp\playwright-java-13599755043734040780\package\lib\server\progress.js:101:22)
    at async FrameDispatcher.goto (C:\Users\UMESHP~1\AppData\Local\Temp\playwright-java-13599755043734040780\package\lib\server\dispatchers\frameDispatcher.js:87:59)
    at async DispatcherConnection.dispatch (C:\Users\UMESHP~1\AppData\Local\Temp\playwright-java-13599755043734040780\package\lib\server\dispatchers\dispatcher.js:397:22)
}
	at com.microsoft.playwright.impl.Connection.dispatch(Connection.java:190)
	at com.microsoft.playwright.impl.Connection.processOneMessage(Connection.java:170)
	at com.microsoft.playwright.impl.ChannelOwner.runUntil(ChannelOwner.java:107)
	... 39 more
</div></td></tr></table><p class="totop"><a href="#summary">back to summary</a></p>
<h3 id="m2">TestClasses.Test_CarsHome#tearDow</h3><table class="result"><tr><th class="invisible"/></tr></table><p class="totop"><a href="#summary">back to summary</a></p>
<h3 id="m3">TestClasses.Test_NewCars#tearDow</h3><table class="result"><tr><th class="invisible"/></tr></table><p class="totop"><a href="#summary">back to summary</a></p>
<h3 id="m4">TestClasses.Test_CarsHome#goToNewCars</h3><table class="result"><tr><th>Exception</th></tr><tr><td><div class="stacktrace">com.microsoft.playwright.PlaywrightException: Error {
  message=&apos;net::ERR_ABORTED; maybe frame was detached?
=========================== logs ===========================
navigating to &quot;https://www.carwale.com/&quot;, waiting until &quot;load&quot;
============================================================
  name=&apos;Error
  stack=&apos;Error: net::ERR_ABORTED; maybe frame was detached?
=========================== logs ===========================
navigating to &quot;https://www.carwale.com/&quot;, waiting until &quot;load&quot;
============================================================
    at FrameManager.frameAbortedNavigation (C:\Users\UMESHP~1\AppData\Local\Temp\playwright-java-13599755043734040780\package\lib\server\frames.js:273:14)
    at FrameManager.requestFailed (C:\Users\UMESHP~1\AppData\Local\Temp\playwright-java-13599755043734040780\package\lib\server\frames.js:369:12)
    at CRNetworkManager._onLoadingFailed (C:\Users\UMESHP~1\AppData\Local\Temp\playwright-java-13599755043734040780\package\lib\server\chromium\crNetworkManager.js:527:134)
    at CRSession.emit (node:events:527:28)
    at C:\Users\UMESHP~1\AppData\Local\Temp\playwright-java-13599755043734040780\package\lib\server\chromium\crConnection.js:232:14
}
	at com.microsoft.playwright.impl.WaitableResult.get(WaitableResult.java:54)
	at com.microsoft.playwright.impl.ChannelOwner.runUntil(ChannelOwner.java:109)
	at com.microsoft.playwright.impl.Connection.sendMessage(Connection.java:108)
	at com.microsoft.playwright.impl.ChannelOwner.sendMessage(ChannelOwner.java:100)
	at com.microsoft.playwright.impl.FrameImpl.navigateImpl(FrameImpl.java:401)
	at com.microsoft.playwright.impl.PageImpl.lambda$navigate$32(PageImpl.java:800)
	at com.microsoft.playwright.impl.LoggingSupport.withLogging(LoggingSupport.java:47)
	at com.microsoft.playwright.impl.ChannelOwner.withLogging(ChannelOwner.java:85)
	at com.microsoft.playwright.impl.PageImpl.navigate(PageImpl.java:800)
	at com.microsoft.playwright.impl.PageImpl.navigate(PageImpl.java:41)
	at com.microsoft.playwright.Page.navigate(Page.java:4309)
	at BaseTest.Base.launchTheBrowser(Base.java:18)
	at TestClasses.Test_CarsHome.goToCarsHomePage(Test_CarsHome.java:22)
	at java.base/jdk.internal.reflect.NativeMethodAccessorImpl.invoke0(Native Method)
	at java.base/jdk.internal.reflect.NativeMethodAccessorImpl.invoke(NativeMethodAccessorImpl.java:77)
	at java.base/jdk.internal.reflect.DelegatingMethodAccessorImpl.invoke(DelegatingMethodAccessorImpl.java:43)
	at java.base/java.lang.reflect.Method.invoke(Method.java:568)
	at org.testng.internal.MethodInvocationHelper.invokeMethod(MethodInvocationHelper.java:124)
	at org.testng.internal.MethodInvocationHelper.invokeMethodConsideringTimeout(MethodInvocationHelper.java:59)
	at org.testng.internal.Invoker.invokeConfigurationMethod(Invoker.java:458)
	at org.testng.internal.Invoker.invokeConfigurations(Invoker.java:222)
	at org.testng.internal.Invoker.invokeMethod(Invoker.java:523)
	at org.testng.internal.Invoker.invokeTestMethod(Invoker.java:719)
	at org.testng.internal.Invoker.invokeTestMethods(Invoker.java:989)
	at org.testng.internal.TestMethodWorker.invokeTestMethods(TestMethodWorker.java:125)
	at org.testng.internal.TestMethodWorker.run(TestMethodWorker.java:109)
	at org.testng.TestRunner.privateRun(TestRunner.java:648)
	at org.testng.TestRunner.run(TestRunner.java:505)
	at org.testng.SuiteRunner.runTest(SuiteRunner.java:455)
	at org.testng.SuiteRunner.runSequentially(SuiteRunner.java:450)
	at org.testng.SuiteRunner.privateRun(SuiteRunner.java:415)
	at org.testng.SuiteRunner.run(SuiteRunner.java:364)
	at org.testng.SuiteRunnerWorker.runSuite(SuiteRunnerWorker.java:52)
	at org.testng.SuiteRunnerWorker.run(SuiteRunnerWorker.java:84)
	at org.testng.TestNG.runSuitesSequentially(TestNG.java:1208)
	at org.testng.TestNG.runSuitesLocally(TestNG.java:1137)
	at org.testng.TestNG.runSuites(TestNG.java:1049)
	at org.testng.TestNG.run(TestNG.java:1017)
	at org.testng.remote.AbstractRemoteTestNG.run(AbstractRemoteTestNG.java:115)
	at org.testng.remote.RemoteTestNG.initAndRun(RemoteTestNG.java:251)
	at org.testng.remote.RemoteTestNG.main(RemoteTestNG.java:77)
Caused by: com.microsoft.playwright.impl.DriverException: Error {
  message=&apos;net::ERR_ABORTED; maybe frame was detached?
=========================== logs ===========================
navigating to &quot;https://www.carwale.com/&quot;, waiting until &quot;load&quot;
============================================================
  name=&apos;Error
  stack=&apos;Error: net::ERR_ABORTED; maybe frame was detached?
=========================== logs ===========================
navigating to &quot;https://www.carwale.com/&quot;, waiting until &quot;load&quot;
============================================================
    at FrameManager.frameAbortedNavigation (C:\Users\UMESHP~1\AppData\Local\Temp\playwright-java-13599755043734040780\package\lib\server\frames.js:273:14)
    at FrameManager.requestFailed (C:\Users\UMESHP~1\AppData\Local\Temp\playwright-java-13599755043734040780\package\lib\server\frames.js:369:12)
    at CRNetworkManager._onLoadingFailed (C:\Users\UMESHP~1\AppData\Local\Temp\playwright-java-13599755043734040780\package\lib\server\chromium\crNetworkManager.js:527:134)
    at CRSession.emit (node:events:527:28)
    at C:\Users\UMESHP~1\AppData\Local\Temp\playwright-java-13599755043734040780\package\lib\server\chromium\crConnection.js:232:14
}
	at com.microsoft.playwright.impl.Connection.dispatch(Connection.java:190)
	at com.microsoft.playwright.impl.Connection.processOneMessage(Connection.java:170)
	at com.microsoft.playwright.impl.ChannelOwner.runUntil(ChannelOwner.java:107)
	... 39 more
</div></td></tr></table><p class="totop"><a href="#summary">back to summary</a></p>
<h3 id="m5">TestClasses.Test_NewCars#verfyThatUserShouldBeAbleToNavigateToBMWCarPage</h3><table class="result"><tr><th>Exception</th></tr><tr><td><div class="stacktrace">com.microsoft.playwright.PlaywrightException: Error {
  message=&apos;Navigation failed because page was closed!
=========================== logs ===========================
navigating to &quot;https://www.carwale.com/&quot;, waiting until &quot;load&quot;
============================================================
  name=&apos;Error
  stack=&apos;Error: Navigation failed because page was closed!
=========================== logs ===========================
navigating to &quot;https://www.carwale.com/&quot;, waiting until &quot;load&quot;
============================================================
    at C:\Users\UMESHP~1\AppData\Local\Temp\playwright-java-13599755043734040780\package\lib\server\frames.js:673:13
    at async ProgressController.run (C:\Users\UMESHP~1\AppData\Local\Temp\playwright-java-13599755043734040780\package\lib\server\progress.js:101:22)
    at async FrameDispatcher.goto (C:\Users\UMESHP~1\AppData\Local\Temp\playwright-java-13599755043734040780\package\lib\server\dispatchers\frameDispatcher.js:87:59)
    at async DispatcherConnection.dispatch (C:\Users\UMESHP~1\AppData\Local\Temp\playwright-java-13599755043734040780\package\lib\server\dispatchers\dispatcher.js:397:22)
}
	at com.microsoft.playwright.impl.WaitableResult.get(WaitableResult.java:54)
	at com.microsoft.playwright.impl.ChannelOwner.runUntil(ChannelOwner.java:109)
	at com.microsoft.playwright.impl.Connection.sendMessage(Connection.java:108)
	at com.microsoft.playwright.impl.ChannelOwner.sendMessage(ChannelOwner.java:100)
	at com.microsoft.playwright.impl.FrameImpl.navigateImpl(FrameImpl.java:401)
	at com.microsoft.playwright.impl.PageImpl.lambda$navigate$32(PageImpl.java:800)
	at com.microsoft.playwright.impl.LoggingSupport.withLogging(LoggingSupport.java:47)
	at com.microsoft.playwright.impl.ChannelOwner.withLogging(ChannelOwner.java:85)
	at com.microsoft.playwright.impl.PageImpl.navigate(PageImpl.java:800)
	at com.microsoft.playwright.impl.PageImpl.navigate(PageImpl.java:41)
	at com.microsoft.playwright.Page.navigate(Page.java:4309)
	at BaseTest.Base.launchTheBrowser(Base.java:18)
	at TestClasses.Test_NewCars.lauctTheBrowser(Test_NewCars.java:24)
	at java.base/jdk.internal.reflect.NativeMethodAccessorImpl.invoke0(Native Method)
	at java.base/jdk.internal.reflect.NativeMethodAccessorImpl.invoke(NativeMethodAccessorImpl.java:77)
	at java.base/jdk.internal.reflect.DelegatingMethodAccessorImpl.invoke(DelegatingMethodAccessorImpl.java:43)
	at java.base/java.lang.reflect.Method.invoke(Method.java:568)
	at org.testng.internal.MethodInvocationHelper.invokeMethod(MethodInvocationHelper.java:124)
	at org.testng.internal.MethodInvocationHelper.invokeMethodConsideringTimeout(MethodInvocationHelper.java:59)
	at org.testng.internal.Invoker.invokeConfigurationMethod(Invoker.java:458)
	at org.testng.internal.Invoker.invokeConfigurations(Invoker.java:222)
	at org.testng.internal.Invoker.invokeMethod(Invoker.java:523)
	at org.testng.internal.Invoker.invokeTestMethod(Invoker.java:719)
	at org.testng.internal.Invoker.invokeTestMethods(Invoker.java:989)
	at org.testng.internal.TestMethodWorker.invokeTestMethods(TestMethodWorker.java:125)
	at org.testng.internal.TestMethodWorker.run(TestMethodWorker.java:109)
	at org.testng.TestRunner.privateRun(TestRunner.java:648)
	at org.testng.TestRunner.run(TestRunner.java:505)
	at org.testng.SuiteRunner.runTest(SuiteRunner.java:455)
	at org.testng.SuiteRunner.runSequentially(SuiteRunner.java:450)
	at org.testng.SuiteRunner.privateRun(SuiteRunner.java:415)
	at org.testng.SuiteRunner.run(SuiteRunner.java:364)
	at org.testng.SuiteRunnerWorker.runSuite(SuiteRunnerWorker.java:52)
	at org.testng.SuiteRunnerWorker.run(SuiteRunnerWorker.java:84)
	at org.testng.TestNG.runSuitesSequentially(TestNG.java:1208)
	at org.testng.TestNG.runSuitesLocally(TestNG.java:1137)
	at org.testng.TestNG.runSuites(TestNG.java:1049)
	at org.testng.TestNG.run(TestNG.java:1017)
	at org.testng.remote.AbstractRemoteTestNG.run(AbstractRemoteTestNG.java:115)
	at org.testng.remote.RemoteTestNG.initAndRun(RemoteTestNG.java:251)
	at org.testng.remote.RemoteTestNG.main(RemoteTestNG.java:77)
Caused by: com.microsoft.playwright.impl.DriverException: Error {
  message=&apos;Navigation failed because page was closed!
=========================== logs ===========================
navigating to &quot;https://www.carwale.com/&quot;, waiting until &quot;load&quot;
============================================================
  name=&apos;Error
  stack=&apos;Error: Navigation failed because page was closed!
=========================== logs ===========================
navigating to &quot;https://www.carwale.com/&quot;, waiting until &quot;load&quot;
============================================================
    at C:\Users\UMESHP~1\AppData\Local\Temp\playwright-java-13599755043734040780\package\lib\server\frames.js:673:13
    at async ProgressController.run (C:\Users\UMESHP~1\AppData\Local\Temp\playwright-java-13599755043734040780\package\lib\server\progress.js:101:22)
    at async FrameDispatcher.goto (C:\Users\UMESHP~1\AppData\Local\Temp\playwright-java-13599755043734040780\package\lib\server\dispatchers\frameDispatcher.js:87:59)
    at async DispatcherConnection.dispatch (C:\Users\UMESHP~1\AppData\Local\Temp\playwright-java-13599755043734040780\package\lib\server\dispatchers\dispatcher.js:397:22)
}
	at com.microsoft.playwright.impl.Connection.dispatch(Connection.java:190)
	at com.microsoft.playwright.impl.Connection.processOneMessage(Connection.java:170)
	at com.microsoft.playwright.impl.ChannelOwner.runUntil(ChannelOwner.java:107)
	... 39 more
</div></td></tr></table><p class="totop"><a href="#summary">back to summary</a></p>
</body>
</html>
